<?xml version="1.0" encoding="UTF-8"?>
<testng-results skipped="0" failed="0" ignored="0" total="2" passed="2">
  <reporter-output>
  </reporter-output>
  <suite name="Suite" duration-ms="40858" started-at="2018-01-22T04:04:59Z" finished-at="2018-01-22T04:05:40Z">
    <groups>
    </groups>
    <test name="Test" duration-ms="40858" started-at="2018-01-22T04:04:59Z" finished-at="2018-01-22T04:05:40Z">
      <class name="scripts.TestValidLogin">
        <test-method status="PASS" signature="openApplication()[pri:0, instance:scripts.TestValidLogin@4883b407]" name="openApplication" is-config="true" duration-ms="14427" started-at="2018-01-22T09:34:59Z" finished-at="2018-01-22T09:35:13Z">
          <reporter-output>
          </reporter-output>
        </test-method> <!-- openApplication -->
        <test-method status="PASS" signature="testValidLogin()[pri:0, instance:scripts.TestValidLogin@4883b407]" name="testValidLogin" duration-ms="4028" started-at="2018-01-22T09:35:13Z" finished-at="2018-01-22T09:35:17Z">
          <reporter-output>
          </reporter-output>
        </test-method> <!-- testValidLogin -->
        <test-method status="PASS" signature="closeApplication()[pri:0, instance:scripts.TestValidLogin@4883b407]" name="closeApplication" is-config="true" duration-ms="171" started-at="2018-01-22T09:35:17Z" finished-at="2018-01-22T09:35:17Z">
          <reporter-output>
          </reporter-output>
        </test-method> <!-- closeApplication -->
      </class> <!-- scripts.TestValidLogin -->
      <class name="scripts.TestInvalidLogin">
        <test-method status="PASS" signature="openApplication()[pri:0, instance:scripts.TestInvalidLogin@7d9d1a19]" name="openApplication" is-config="true" duration-ms="6685" started-at="2018-01-22T09:35:17Z" finished-at="2018-01-22T09:35:24Z">
          <reporter-output>
          </reporter-output>
        </test-method> <!-- openApplication -->
        <test-method status="PASS" signature="testInvalidLogin()[pri:0, instance:scripts.TestInvalidLogin@7d9d1a19]" name="testInvalidLogin" duration-ms="15384" started-at="2018-01-22T09:35:24Z" finished-at="2018-01-22T09:35:39Z">
          <reporter-output>
          </reporter-output>
        </test-method> <!-- testInvalidLogin -->
        <test-method status="PASS" signature="closeApplication()[pri:0, instance:scripts.TestInvalidLogin@7d9d1a19]" name="closeApplication" is-config="true" duration-ms="133" started-at="2018-01-22T09:35:39Z" finished-at="2018-01-22T09:35:40Z">
          <reporter-output>
          </reporter-output>
        </test-method> <!-- closeApplication -->
      </class> <!-- scripts.TestInvalidLogin -->
    </test> <!-- Test -->
  </suite> <!-- Suite -->
</testng-results>
